<?xml version="1.0" encoding="UTF-8"?><testsuite errors="0" failures="0" name="com.petstore.patstoreinfo.UserCRUDTest" skipped="0" tests="4" time="7.03" timestamp="2023-01-03T17:10:28.949Z[Europe/London]"><testcase classname="com.petstore.patstoreinfo.UserCRUDTest" name="Test001"/><testcase classname="com.petstore.patstoreinfo.UserCRUDTest" name="Test002"/><testcase classname="com.petstore.patstoreinfo.UserCRUDTest" name="Test003"/><testcase classname="com.petstore.patstoreinfo.UserCRUDTest" name="Test004"/></testsuite>